# Logfile created on 2019-11-29 00:58:48 -0400 by logger.rb/31641
D, [2019-11-29T00:58:48.969443 #52547] DEBUG -- : REQUESTING PAGE: GET / with {} and HTTP headers {}
D, [2019-11-29T00:58:49.184213 #52547] DEBUG -- : REQUESTING PAGE: GET / with {} and HTTP headers {}
D, [2019-11-29T00:58:49.187802 #52547] DEBUG -- : REQUESTING PAGE: POST /ingresar with {"monto"=>"100"} and HTTP headers {"HTTP_REFERER"=>"/"}
D, [2019-11-29T00:58:49.195347 #52547] DEBUG -- : REQUESTING PAGE: GET / with {} and HTTP headers {}
D, [2019-11-29T00:58:49.198665 #52547] DEBUG -- : REQUESTING PAGE: POST /ingresar with {"monto"=>"300"} and HTTP headers {"HTTP_REFERER"=>"/"}
D, [2019-11-29T00:58:49.203408 #52547] DEBUG -- : REQUESTING PAGE: POST /retirar with {"retiro"=>"100"} and HTTP headers {"HTTP_REFERER"=>"/ingresar"}
D, [2019-11-29T10:04:55.956936 #53863] DEBUG -- : REQUESTING PAGE: GET / with {} and HTTP headers {}
D, [2019-11-29T10:04:56.035463 #53863] DEBUG -- : REQUESTING PAGE: GET / with {} and HTTP headers {}
D, [2019-11-29T10:04:56.039629 #53863] DEBUG -- : REQUESTING PAGE: POST /ingresar with {"monto"=>"100"} and HTTP headers {"HTTP_REFERER"=>"/"}
D, [2019-11-29T10:04:56.046260 #53863] DEBUG -- : REQUESTING PAGE: GET / with {} and HTTP headers {}
D, [2019-11-29T10:04:56.049469 #53863] DEBUG -- : REQUESTING PAGE: POST /ingresar with {"monto"=>"300"} and HTTP headers {"HTTP_REFERER"=>"/"}
D, [2019-11-29T10:04:56.053508 #53863] DEBUG -- : REQUESTING PAGE: POST /retirar with {"retiro"=>"100"} and HTTP headers {"HTTP_REFERER"=>"/ingresar"}
D, [2019-11-29T10:29:07.639439 #54748] DEBUG -- : REQUESTING PAGE: GET / with {} and HTTP headers {}
D, [2019-11-29T10:29:07.719423 #54748] DEBUG -- : REQUESTING PAGE: GET / with {} and HTTP headers {}
D, [2019-11-29T10:29:07.725033 #54748] DEBUG -- : REQUESTING PAGE: POST /ingresar with {"monto"=>"100"} and HTTP headers {"HTTP_REFERER"=>"/"}
D, [2019-11-29T10:29:07.733362 #54748] DEBUG -- : REQUESTING PAGE: GET / with {} and HTTP headers {}
D, [2019-11-29T10:29:07.737356 #54748] DEBUG -- : REQUESTING PAGE: POST /ingresar with {"monto"=>"300"} and HTTP headers {"HTTP_REFERER"=>"/"}
D, [2019-11-29T10:29:07.748125 #54748] DEBUG -- : REQUESTING PAGE: POST /retirar with {"retiro"=>"100"} and HTTP headers {"HTTP_REFERER"=>"/ingresar"}
D, [2019-11-29T11:05:56.230394 #55254] DEBUG -- : REQUESTING PAGE: GET / with {} and HTTP headers {}
D, [2019-11-29T11:05:56.298677 #55254] DEBUG -- : REQUESTING PAGE: GET / with {} and HTTP headers {}
D, [2019-11-29T11:05:56.304246 #55254] DEBUG -- : REQUESTING PAGE: POST /ingresar with {"monto"=>"100"} and HTTP headers {"HTTP_REFERER"=>"/"}
D, [2019-11-29T11:05:56.312474 #55254] DEBUG -- : REQUESTING PAGE: GET / with {} and HTTP headers {}
D, [2019-11-29T11:05:56.315574 #55254] DEBUG -- : REQUESTING PAGE: POST /ingresar with {"monto"=>"300"} and HTTP headers {"HTTP_REFERER"=>"/"}
D, [2019-11-29T11:05:56.335784 #55254] DEBUG -- : REQUESTING PAGE: POST /retirar with {"retiro"=>"100"} and HTTP headers {"HTTP_REFERER"=>"/ingresar"}
D, [2019-11-29T11:06:29.446768 #55485] DEBUG -- : REQUESTING PAGE: GET / with {} and HTTP headers {}
D, [2019-11-29T11:06:29.525084 #55485] DEBUG -- : REQUESTING PAGE: GET / with {} and HTTP headers {}
D, [2019-11-29T11:06:29.528366 #55485] DEBUG -- : REQUESTING PAGE: POST /ingresar with {"monto"=>"100"} and HTTP headers {"HTTP_REFERER"=>"/"}
D, [2019-11-29T11:06:29.537031 #55485] DEBUG -- : REQUESTING PAGE: GET / with {} and HTTP headers {}
D, [2019-11-29T11:06:29.540493 #55485] DEBUG -- : REQUESTING PAGE: POST /ingresar with {"monto"=>"300"} and HTTP headers {"HTTP_REFERER"=>"/"}
D, [2019-11-29T11:06:29.544292 #55485] DEBUG -- : REQUESTING PAGE: POST /retirar with {"retiro"=>"100"} and HTTP headers {"HTTP_REFERER"=>"/ingresar"}
D, [2019-11-29T11:06:44.281223 #55621] DEBUG -- : REQUESTING PAGE: GET / with {} and HTTP headers {}
D, [2019-11-29T11:06:44.336833 #55621] DEBUG -- : REQUESTING PAGE: GET / with {} and HTTP headers {}
D, [2019-11-29T11:06:44.340570 #55621] DEBUG -- : REQUESTING PAGE: POST /ingresar with {"monto"=>"100"} and HTTP headers {"HTTP_REFERER"=>"/"}
D, [2019-11-29T11:06:44.348913 #55621] DEBUG -- : REQUESTING PAGE: GET / with {} and HTTP headers {}
D, [2019-11-29T11:06:44.351681 #55621] DEBUG -- : REQUESTING PAGE: POST /ingresar with {"monto"=>"300"} and HTTP headers {"HTTP_REFERER"=>"/"}
D, [2019-11-29T11:06:44.354087 #55621] DEBUG -- : REQUESTING PAGE: POST /retirar with {"retiro"=>"100"} and HTTP headers {"HTTP_REFERER"=>"/ingresar"}
D, [2019-12-04T15:41:49.287490 #1848] DEBUG -- : REQUESTING PAGE: GET / with {} and HTTP headers {}
D, [2019-12-12T06:09:37.545205 #14908] DEBUG -- : REQUESTING PAGE: GET / with {} and HTTP headers {}
D, [2019-12-12T06:09:37.811896 #14908] DEBUG -- : REQUESTING PAGE: GET /num_autos with {} and HTTP headers {}
D, [2019-12-12T09:24:16.039072 #1152] DEBUG -- : REQUESTING PAGE: GET / with {} and HTTP headers {}
D, [2019-12-12T09:24:16.249139 #1152] DEBUG -- : REQUESTING PAGE: GET /num_autos with {} and HTTP headers {}
D, [2019-12-12T09:26:18.016597 #16088] DEBUG -- : REQUESTING PAGE: GET / with {} and HTTP headers {}
D, [2019-12-12T09:26:18.111015 #16088] DEBUG -- : REQUESTING PAGE: GET /num_autos with {} and HTTP headers {}
D, [2019-12-12T09:26:47.203504 #15328] DEBUG -- : REQUESTING PAGE: GET / with {} and HTTP headers {}
D, [2019-12-12T09:26:47.343753 #15328] DEBUG -- : REQUESTING PAGE: GET /num_autos with {} and HTTP headers {}
D, [2019-12-12T09:27:59.153566 #16512] DEBUG -- : REQUESTING PAGE: GET / with {} and HTTP headers {}
D, [2019-12-12T09:27:59.287409 #16512] DEBUG -- : REQUESTING PAGE: GET /num_autos with {} and HTTP headers {}
D, [2019-12-12T09:28:23.941958 #8868] DEBUG -- : REQUESTING PAGE: GET / with {} and HTTP headers {}
D, [2019-12-12T09:28:24.065939 #8868] DEBUG -- : REQUESTING PAGE: GET /num_autos with {} and HTTP headers {}
D, [2019-12-12T09:29:06.435923 #6500] DEBUG -- : REQUESTING PAGE: GET / with {} and HTTP headers {}
D, [2019-12-12T09:29:06.535788 #6500] DEBUG -- : REQUESTING PAGE: GET /num_autos with {} and HTTP headers {}
D, [2019-12-12T09:29:28.773995 #12056] DEBUG -- : REQUESTING PAGE: GET / with {} and HTTP headers {}
D, [2019-12-12T09:29:28.937485 #12056] DEBUG -- : REQUESTING PAGE: GET /num_autos with {} and HTTP headers {}
D, [2019-12-12T09:29:56.150789 #716] DEBUG -- : REQUESTING PAGE: GET / with {} and HTTP headers {}
D, [2019-12-12T09:29:56.252568 #716] DEBUG -- : REQUESTING PAGE: GET /num_autos with {} and HTTP headers {}
D, [2019-12-12T11:53:05.556872 #19140] DEBUG -- : REQUESTING PAGE: GET / with {} and HTTP headers {}
D, [2019-12-12T11:53:05.786565 #19140] DEBUG -- : REQUESTING PAGE: GET /num_autos with {} and HTTP headers {}
D, [2019-12-12T11:55:02.789244 #724] DEBUG -- : REQUESTING PAGE: GET / with {} and HTTP headers {}
D, [2019-12-12T11:55:02.897440 #724] DEBUG -- : REQUESTING PAGE: GET /num_autos with {} and HTTP headers {}
D, [2019-12-12T12:13:47.036459 #9432] DEBUG -- : REQUESTING PAGE: GET / with {} and HTTP headers {}
D, [2019-12-12T12:13:47.137306 #9432] DEBUG -- : REQUESTING PAGE: GET /num_autos with {} and HTTP headers {}
D, [2019-12-12T12:14:03.065685 #1380] DEBUG -- : REQUESTING PAGE: GET / with {} and HTTP headers {}
D, [2019-12-12T12:14:03.206138 #1380] DEBUG -- : REQUESTING PAGE: GET /num_autos with {} and HTTP headers {}
D, [2019-12-12T12:31:22.748494 #2824] DEBUG -- : REQUESTING PAGE: GET / with {} and HTTP headers {}
D, [2019-12-12T12:31:22.860623 #2824] DEBUG -- : REQUESTING PAGE: GET /num_autos with {} and HTTP headers {}
D, [2019-12-12T12:31:35.987510 #9336] DEBUG -- : REQUESTING PAGE: GET / with {} and HTTP headers {}
D, [2019-12-12T12:31:36.100167 #9336] DEBUG -- : REQUESTING PAGE: GET /num_autos with {} and HTTP headers {}
D, [2019-12-12T13:13:03.569978 #11900] DEBUG -- : REQUESTING PAGE: GET / with {} and HTTP headers {}
D, [2019-12-12T13:13:03.992901 #11900] DEBUG -- : REQUESTING PAGE: GET /num_autos with {} and HTTP headers {}
D, [2019-12-12T13:13:37.166853 #11864] DEBUG -- : REQUESTING PAGE: GET / with {} and HTTP headers {}
D, [2019-12-12T13:13:37.268556 #11864] DEBUG -- : REQUESTING PAGE: GET /num_autos with {} and HTTP headers {}
D, [2019-12-12T13:13:52.413172 #14084] DEBUG -- : REQUESTING PAGE: GET / with {} and HTTP headers {}
D, [2019-12-12T13:13:52.525605 #14084] DEBUG -- : REQUESTING PAGE: GET /num_autos with {} and HTTP headers {}
D, [2019-12-12T13:14:36.651207 #9476] DEBUG -- : REQUESTING PAGE: GET / with {} and HTTP headers {}
D, [2019-12-12T13:14:36.760266 #9476] DEBUG -- : REQUESTING PAGE: GET /num_autos with {} and HTTP headers {}
D, [2019-12-12T13:17:28.562480 #18420] DEBUG -- : REQUESTING PAGE: GET / with {} and HTTP headers {}
D, [2019-12-12T13:17:28.711631 #18420] DEBUG -- : REQUESTING PAGE: GET /num_autos with {} and HTTP headers {}
D, [2019-12-12T13:18:10.251551 #16360] DEBUG -- : REQUESTING PAGE: GET / with {} and HTTP headers {}
D, [2019-12-12T13:18:10.341208 #16360] DEBUG -- : REQUESTING PAGE: GET /num_autos with {} and HTTP headers {}
D, [2019-12-12T13:20:31.342970 #12072] DEBUG -- : REQUESTING PAGE: GET / with {} and HTTP headers {}
D, [2019-12-12T13:20:31.533745 #12072] DEBUG -- : REQUESTING PAGE: GET /num_autos with {} and HTTP headers {}
D, [2019-12-12T13:24:09.139389 #5280] DEBUG -- : REQUESTING PAGE: GET / with {} and HTTP headers {}
D, [2019-12-12T13:24:09.240822 #5280] DEBUG -- : REQUESTING PAGE: GET /num_autos with {} and HTTP headers {}
D, [2019-12-12T13:25:11.881825 #17976] DEBUG -- : REQUESTING PAGE: GET / with {} and HTTP headers {}
D, [2019-12-12T13:25:11.974352 #17976] DEBUG -- : REQUESTING PAGE: GET /num_autos with {} and HTTP headers {}
D, [2019-12-12T13:26:43.815233 #6612] DEBUG -- : REQUESTING PAGE: GET / with {} and HTTP headers {}
D, [2019-12-12T13:26:43.909839 #6612] DEBUG -- : REQUESTING PAGE: GET /num_autos with {} and HTTP headers {}
D, [2019-12-12T13:26:57.676949 #7956] DEBUG -- : REQUESTING PAGE: GET / with {} and HTTP headers {}
D, [2019-12-12T13:26:57.774036 #7956] DEBUG -- : REQUESTING PAGE: GET /num_autos with {} and HTTP headers {}
D, [2019-12-12T13:29:06.819154 #13724] DEBUG -- : REQUESTING PAGE: GET / with {} and HTTP headers {}
D, [2019-12-12T13:29:06.911082 #13724] DEBUG -- : REQUESTING PAGE: GET /num_autos with {} and HTTP headers {}
D, [2019-12-12T13:30:09.492723 #16392] DEBUG -- : REQUESTING PAGE: GET / with {} and HTTP headers {}
D, [2019-12-12T13:30:09.589682 #16392] DEBUG -- : REQUESTING PAGE: GET /num_autos with {} and HTTP headers {}
D, [2019-12-12T13:30:36.366683 #17676] DEBUG -- : REQUESTING PAGE: GET / with {} and HTTP headers {}
D, [2019-12-12T13:30:36.467870 #17676] DEBUG -- : REQUESTING PAGE: GET /num_autos with {} and HTTP headers {}
D, [2019-12-12T13:33:18.157239 #13120] DEBUG -- : REQUESTING PAGE: GET / with {} and HTTP headers {}
D, [2019-12-12T13:33:18.288659 #13120] DEBUG -- : REQUESTING PAGE: GET /num_autos with {} and HTTP headers {}
D, [2019-12-12T13:35:38.853554 #20436] DEBUG -- : REQUESTING PAGE: GET / with {} and HTTP headers {}
D, [2019-12-12T13:35:38.943821 #20436] DEBUG -- : REQUESTING PAGE: GET /num_autos with {} and HTTP headers {}
D, [2019-12-12T20:46:03.163230 #19080] DEBUG -- : REQUESTING PAGE: GET / with {} and HTTP headers {}
D, [2019-12-12T20:46:03.640213 #19080] DEBUG -- : REQUESTING PAGE: GET /num_autos with {} and HTTP headers {}
D, [2019-12-12T20:46:57.507551 #6116] DEBUG -- : REQUESTING PAGE: GET / with {} and HTTP headers {}
D, [2019-12-12T20:46:57.616965 #6116] DEBUG -- : REQUESTING PAGE: GET /num_autos with {} and HTTP headers {}
D, [2019-12-12T20:47:09.479221 #14292] DEBUG -- : REQUESTING PAGE: GET / with {} and HTTP headers {}
D, [2019-12-12T20:47:09.627872 #14292] DEBUG -- : REQUESTING PAGE: GET /num_autos with {} and HTTP headers {}
D, [2019-12-12T20:47:39.072099 #7060] DEBUG -- : REQUESTING PAGE: GET / with {} and HTTP headers {}
D, [2019-12-12T20:47:39.188269 #7060] DEBUG -- : REQUESTING PAGE: GET /num_autos with {} and HTTP headers {}
D, [2019-12-12T20:49:50.878605 #12576] DEBUG -- : REQUESTING PAGE: GET / with {} and HTTP headers {}
D, [2019-12-12T20:49:50.988592 #12576] DEBUG -- : REQUESTING PAGE: GET /num_autos with {} and HTTP headers {}
D, [2019-12-13T05:25:04.874314 #16736] DEBUG -- : REQUESTING PAGE: GET / with {} and HTTP headers {}
D, [2019-12-13T05:25:04.991160 #16736] DEBUG -- : REQUESTING PAGE: GET /num_autos with {} and HTTP headers {}
D, [2019-12-13T05:26:02.621911 #20436] DEBUG -- : REQUESTING PAGE: GET / with {} and HTTP headers {}
D, [2019-12-13T05:26:02.726233 #20436] DEBUG -- : REQUESTING PAGE: GET /num_autos with {} and HTTP headers {}
D, [2019-12-13T05:26:24.635256 #11812] DEBUG -- : REQUESTING PAGE: GET / with {} and HTTP headers {}
D, [2019-12-13T05:26:24.797822 #11812] DEBUG -- : REQUESTING PAGE: GET /num_autos with {} and HTTP headers {}
